mode: atomic
komodo-auth-api/internal/jwt/jwt.go:45.41,46.55 1 18
komodo-auth-api/internal/jwt/jwt.go:46.55,48.3 1 2
komodo-auth-api/internal/jwt/jwt.go:50.2,51.16 2 16
komodo-auth-api/internal/jwt/jwt.go:51.16,53.3 1 2
komodo-auth-api/internal/jwt/jwt.go:55.2,56.16 2 14
komodo-auth-api/internal/jwt/jwt.go:56.16,58.3 1 1
komodo-auth-api/internal/jwt/jwt.go:60.2,66.8 1 13
komodo-auth-api/internal/jwt/jwt.go:69.37,71.16 2 14
komodo-auth-api/internal/jwt/jwt.go:71.16,73.3 1 4
komodo-auth-api/internal/jwt/jwt.go:74.2,76.15 3 10
komodo-auth-api/internal/jwt/jwt.go:79.41,81.16 2 4
komodo-auth-api/internal/jwt/jwt.go:81.16,83.3 1 1
komodo-auth-api/internal/jwt/jwt.go:84.2,84.61 1 3
komodo-auth-api/internal/jwt/jwt.go:84.61,86.3 1 1
komodo-auth-api/internal/jwt/jwt.go:87.2,88.12 2 3
komodo-auth-api/internal/jwt/jwt.go:91.53,93.40 2 3
komodo-auth-api/internal/jwt/jwt.go:93.40,95.3 1 3
komodo-auth-api/internal/jwt/jwt.go:96.2,96.44 1 3
komodo-auth-api/internal/jwt/jwt.go:96.44,98.3 1 1
komodo-auth-api/internal/jwt/jwt.go:99.2,99.12 1 3
komodo-auth-api/internal/jwt/jwt.go:102.118,104.2 1 9
komodo-auth-api/internal/jwt/jwt.go:106.116,108.2 1 9
komodo-auth-api/internal/jwt/jwt.go:110.126,131.2 5 9
komodo-auth-api/internal/jwt/jwt.go:133.57,134.54 1 9
komodo-auth-api/internal/jwt/jwt.go:134.54,136.3 1 0
komodo-auth-api/internal/jwt/jwt.go:138.2,140.49 3 9
komodo-auth-api/internal/jwt/jwt.go:140.49,142.3 1 8
komodo-auth-api/internal/jwt/jwt.go:143.2,143.63 1 1
komodo-auth-api/internal/jwt/jwt.go:143.63,145.3 1 1
komodo-auth-api/internal/jwt/jwt.go:146.2,146.63 1 0
komodo-auth-api/internal/jwt/jwt.go:149.64,150.57 1 2
komodo-auth-api/internal/jwt/jwt.go:150.57,152.3 1 2
komodo-auth-api/internal/jwt/jwt.go:153.2,153.18 1 0
komodo-auth-api/internal/jwt/jwt.go:156.82,158.2 1 6
komodo-auth-api/internal/jwt/jwt.go:160.71,162.16 2 3
komodo-auth-api/internal/jwt/jwt.go:162.16,164.3 1 2
komodo-auth-api/internal/jwt/jwt.go:166.2,167.9 2 1
komodo-auth-api/internal/jwt/jwt.go:167.9,169.3 1 0
komodo-auth-api/internal/jwt/jwt.go:170.2,170.20 1 1
komodo-auth-api/internal/jwt/jwt.go:173.74,176.18 2 8
komodo-auth-api/internal/jwt/jwt.go:176.18,178.3 1 0
komodo-auth-api/internal/jwt/jwt.go:179.2,179.18 1 8
komodo-auth-api/internal/jwt/jwt.go:179.18,181.3 1 0
komodo-auth-api/internal/jwt/jwt.go:183.2,191.16 2 8
komodo-auth-api/internal/jwt/jwt.go:191.16,193.3 1 3
komodo-auth-api/internal/jwt/jwt.go:194.2,194.18 1 5
komodo-auth-api/internal/jwt/jwt.go:194.18,196.3 1 0
komodo-auth-api/internal/jwt/jwt.go:198.2,199.9 2 5
komodo-auth-api/internal/jwt/jwt.go:199.9,201.3 1 0
komodo-auth-api/internal/jwt/jwt.go:202.2,202.20 1 5
komodo-auth-api/cmd/private/main.go:62.58,70.2 1 2
komodo-auth-api/cmd/private/main.go:72.70,88.16 4 0
komodo-auth-api/cmd/private/main.go:88.16,90.3 1 0
komodo-auth-api/cmd/private/main.go:92.2,93.16 2 0
komodo-auth-api/cmd/private/main.go:93.16,96.3 2 0
komodo-auth-api/cmd/private/main.go:98.2,99.16 2 0
komodo-auth-api/cmd/private/main.go:99.16,102.3 2 0
komodo-auth-api/cmd/private/main.go:104.2,105.16 2 0
komodo-auth-api/cmd/private/main.go:105.16,108.3 2 0
komodo-auth-api/cmd/private/main.go:110.2,119.8 1 0
komodo-auth-api/cmd/private/main.go:122.46,134.16 6 5
komodo-auth-api/cmd/private/main.go:134.16,136.3 1 0
komodo-auth-api/cmd/private/main.go:138.2,146.12 6 5
komodo-auth-api/cmd/private/main.go:149.13,150.54 1 0
komodo-auth-api/cmd/private/main.go:150.54,152.3 1 0
komodo-auth-api/cmd/private/main.go:154.2,156.48 2 0
komodo-auth-api/cmd/private/main.go:156.48,158.3 1 0
komodo-auth-api/cmd/private/main.go:160.2,161.16 2 0
komodo-auth-api/cmd/private/main.go:161.16,163.3 1 0
komodo-auth-api/cmd/private/main.go:164.2,166.99 2 0
komodo-auth-api/cmd/private/main.go:166.99,167.65 1 0
komodo-auth-api/cmd/private/main.go:167.65,169.4 1 0
komodo-auth-api/cmd/private/main.go:169.9,171.4 1 0
komodo-auth-api/cmd/private/main.go:173.3,173.81 1 0
komodo-auth-api/cmd/private/main.go:173.81,176.4 2 0
komodo-auth-api/cmd/private/main.go:177.3,177.42 1 0
komodo-auth-api/cmd/private/main.go:180.2,186.16 2 0
komodo-auth-api/cmd/private/main.go:186.16,188.3 1 0
komodo-auth-api/cmd/private/main.go:190.2,201.72 3 0
komodo-auth-api/internal/oauth/clients.go:22.51,23.31 1 7
komodo-auth-api/internal/oauth/clients.go:23.31,25.3 1 2
komodo-auth-api/internal/oauth/clients.go:26.2,26.43 1 5
komodo-auth-api/internal/oauth/clients.go:26.43,28.3 1 1
komodo-auth-api/internal/oauth/clients.go:30.2,30.42 1 4
komodo-auth-api/internal/oauth/clients.go:30.42,31.43 1 6
komodo-auth-api/internal/oauth/clients.go:31.43,33.4 1 2
komodo-auth-api/internal/oauth/clients.go:35.2,35.13 1 2
komodo-auth-api/internal/oauth/clients.go:48.49,50.38 2 12
komodo-auth-api/internal/oauth/clients.go:50.38,52.3 1 2
komodo-auth-api/internal/oauth/clients.go:53.2,53.15 1 10
komodo-auth-api/internal/oauth/clients.go:56.45,57.15 1 14
komodo-auth-api/internal/oauth/clients.go:57.15,59.3 1 1
komodo-auth-api/internal/oauth/clients.go:61.2,62.61 2 13
komodo-auth-api/internal/oauth/clients.go:62.61,64.3 1 2
komodo-auth-api/internal/oauth/clients.go:66.2,67.12 2 11
komodo-auth-api/internal/oauth/clients.go:70.81,71.14 1 7
komodo-auth-api/internal/oauth/clients.go:71.14,73.3 1 0
komodo-auth-api/internal/oauth/clients.go:75.2,76.14 2 7
komodo-auth-api/internal/oauth/clients.go:76.14,78.3 1 1
komodo-auth-api/internal/oauth/clients.go:80.2,85.8 5 6
komodo-auth-api/internal/oauth/clients.go:85.8,87.3 1 2
komodo-auth-api/internal/oauth/clients.go:89.2,89.77 1 6
komodo-auth-api/internal/oauth/clients.go:89.77,91.3 1 5
komodo-auth-api/internal/oauth/clients.go:92.2,97.9 1 1
komodo-auth-api/internal/oauth/clients.go:100.62,101.14 1 8
komodo-auth-api/internal/oauth/clients.go:101.14,103.3 1 0
komodo-auth-api/internal/oauth/clients.go:105.2,106.14 2 8
komodo-auth-api/internal/oauth/clients.go:106.14,108.3 1 1
komodo-auth-api/internal/oauth/clients.go:110.2,111.9 2 7
komodo-auth-api/internal/oauth/clients.go:111.9,113.3 1 2
komodo-auth-api/internal/oauth/clients.go:115.2,120.9 1 5
komodo-auth-api/internal/oauth/clients.go:123.51,124.14 1 2
komodo-auth-api/internal/oauth/clients.go:124.14,126.3 1 0
komodo-auth-api/internal/oauth/clients.go:127.2,128.14 2 2
komodo-auth-api/internal/oauth/clients.go:128.14,130.3 1 1
komodo-auth-api/internal/oauth/clients.go:132.2,133.33 2 1
komodo-auth-api/internal/oauth/clients.go:133.33,140.3 1 2
komodo-auth-api/internal/oauth/clients.go:141.2,141.15 1 1
komodo-auth-api/internal/webauthn/webauthn.go:18.50,19.20 1 6
komodo-auth-api/internal/webauthn/webauthn.go:19.20,21.3 1 2
komodo-auth-api/internal/webauthn/webauthn.go:23.2,24.52 2 4
komodo-auth-api/internal/webauthn/webauthn.go:24.52,26.14 2 8
komodo-auth-api/internal/webauthn/webauthn.go:26.14,28.4 1 5
komodo-auth-api/internal/webauthn/webauthn.go:30.2,30.23 1 4
komodo-auth-api/internal/webauthn/webauthn.go:30.23,32.3 1 1
komodo-auth-api/internal/webauthn/webauthn.go:34.2,44.16 2 3
komodo-auth-api/internal/webauthn/webauthn.go:44.16,46.3 1 0
komodo-auth-api/internal/webauthn/webauthn.go:47.2,47.16 1 3
komodo-auth-api/internal/webauthn/webauthn.go:57.72,57.87 1 1
komodo-auth-api/internal/webauthn/webauthn.go:58.72,58.89 1 1
komodo-auth-api/internal/webauthn/webauthn.go:59.72,59.96 1 1
komodo-auth-api/internal/webauthn/webauthn.go:60.72,60.96 1 1
komodo-auth-api/internal/clients/banned.go:38.75,40.16 2 9
komodo-auth-api/internal/clients/banned.go:40.16,42.3 1 8
komodo-auth-api/internal/clients/banned.go:43.2,43.63 1 9
komodo-auth-api/internal/clients/banned.go:46.70,47.18 1 3
komodo-auth-api/internal/clients/banned.go:47.18,49.3 1 1
komodo-auth-api/internal/clients/banned.go:50.2,50.58 1 2
komodo-auth-api/internal/clients/banned.go:50.58,52.3 1 1
komodo-auth-api/internal/clients/banned.go:53.2,53.12 1 1
komodo-auth-api/internal/clients/banned.go:56.91,58.16 2 5
komodo-auth-api/internal/clients/banned.go:58.16,60.3 1 0
komodo-auth-api/internal/clients/banned.go:62.2,63.77 2 5
komodo-auth-api/internal/clients/banned.go:63.77,64.41 1 2
komodo-auth-api/internal/clients/banned.go:64.41,66.4 1 1
komodo-auth-api/internal/clients/banned.go:67.3,67.81 1 1
komodo-auth-api/internal/clients/banned.go:70.2,70.60 1 3
komodo-auth-api/internal/clients/banned.go:70.60,72.3 1 1
komodo-auth-api/internal/clients/banned.go:73.2,73.18 1 2
komodo-auth-api/internal/clients/client.go:47.53,48.27 1 2
komodo-auth-api/internal/clients/client.go:48.27,50.3 1 2
komodo-auth-api/internal/clients/client.go:51.2,51.19 1 2
komodo-auth-api/internal/clients/client.go:60.53,61.39 1 2
komodo-auth-api/internal/clients/client.go:61.39,63.3 1 2
komodo-auth-api/internal/clients/client.go:65.2,66.19 2 2
komodo-auth-api/internal/clients/client.go:66.19,68.3 1 0
komodo-auth-api/internal/clients/client.go:69.2,73.8 1 2
komodo-auth-api/internal/clients/client.go:78.81,79.19 1 5
komodo-auth-api/internal/clients/client.go:79.19,81.3 1 1
komodo-auth-api/internal/clients/client.go:83.2,87.16 4 4
komodo-auth-api/internal/clients/client.go:87.16,89.3 1 0
komodo-auth-api/internal/clients/client.go:91.2,92.16 2 4
komodo-auth-api/internal/clients/client.go:92.16,94.3 1 1
komodo-auth-api/internal/clients/client.go:95.2,97.53 2 3
komodo-auth-api/internal/clients/client.go:97.53,99.3 1 1
komodo-auth-api/internal/clients/client.go:100.2,100.12 1 2
komodo-auth-api/internal/clients/client.go:103.64,105.2 1 3
komodo-auth-api/internal/clients/client.go:107.63,109.2 1 2
komodo-auth-api/internal/clients/comms.go:22.102,27.9 4 2
komodo-auth-api/internal/clients/comms.go:28.25,28.25 0 2
komodo-auth-api/internal/clients/comms.go:29.10,31.13 2 0
komodo-auth-api/internal/clients/comms.go:34.2,34.12 1 2
komodo-auth-api/internal/clients/comms.go:34.12,35.16 1 2
komodo-auth-api/internal/clients/comms.go:35.16,35.25 1 2
komodo-auth-api/internal/clients/comms.go:36.3,36.16 1 2
komodo-auth-api/internal/clients/comms.go:36.16,37.32 1 2
komodo-auth-api/internal/clients/comms.go:37.32,39.5 1 0
komodo-auth-api/internal/clients/comms.go:42.3,46.17 4 2
komodo-auth-api/internal/clients/comms.go:46.17,49.4 2 0
komodo-auth-api/internal/clients/comms.go:51.3,57.17 2 2
komodo-auth-api/internal/clients/comms.go:57.17,60.4 2 0
komodo-auth-api/internal/clients/comms.go:62.3,62.47 1 2
komodo-auth-api/internal/clients/comms.go:62.47,64.4 1 0
komodo-auth-api/internal/clients/comms.go:66.3,70.17 4 2
komodo-auth-api/internal/clients/comms.go:70.17,73.4 2 0
komodo-auth-api/internal/clients/comms.go:74.3,76.54 2 2
komodo-auth-api/internal/clients/comms.go:76.54,83.4 2 1
komodo-auth-api/internal/clients/comms.go:86.2,86.12 1 2
komodo-auth-api/internal/clients/user.go:42.130,46.16 3 4
komodo-auth-api/internal/clients/user.go:46.16,48.3 1 0
komodo-auth-api/internal/clients/user.go:50.2,54.16 4 4
komodo-auth-api/internal/clients/user.go:54.16,56.3 1 0
komodo-auth-api/internal/clients/user.go:57.2,60.16 3 4
komodo-auth-api/internal/clients/user.go:60.16,62.3 1 0
komodo-auth-api/internal/clients/user.go:64.2,64.53 1 4
komodo-auth-api/internal/clients/user.go:64.53,66.3 1 1
komodo-auth-api/internal/clients/user.go:68.2,69.53 2 3
komodo-auth-api/internal/clients/user.go:69.53,71.3 1 1
komodo-auth-api/internal/clients/user.go:72.2,72.21 1 2
komodo-auth-api/internal/clients/user.go:75.109,79.16 3 0
komodo-auth-api/internal/clients/user.go:79.16,81.3 1 0
komodo-auth-api/internal/clients/user.go:83.2,87.16 4 0
komodo-auth-api/internal/clients/user.go:87.16,89.3 1 0
komodo-auth-api/internal/clients/user.go:90.2,93.16 3 0
komodo-auth-api/internal/clients/user.go:93.16,95.3 1 0
komodo-auth-api/internal/clients/user.go:97.2,97.53 1 0
komodo-auth-api/internal/clients/user.go:97.53,99.3 1 0
komodo-auth-api/internal/clients/user.go:101.2,102.53 2 0
komodo-auth-api/internal/clients/user.go:102.53,104.3 1 0
komodo-auth-api/internal/clients/user.go:105.2,105.21 1 0
komodo-auth-api/internal/clients/user.go:108.133,112.16 3 3
komodo-auth-api/internal/clients/user.go:112.16,114.3 1 0
komodo-auth-api/internal/clients/user.go:116.2,120.16 4 3
komodo-auth-api/internal/clients/user.go:120.16,122.3 1 0
komodo-auth-api/internal/clients/user.go:123.2,126.16 3 3
komodo-auth-api/internal/clients/user.go:126.16,128.3 1 0
komodo-auth-api/internal/clients/user.go:130.2,130.53 1 3
komodo-auth-api/internal/clients/user.go:130.53,132.3 1 1
komodo-auth-api/internal/clients/user.go:134.2,137.53 2 2
komodo-auth-api/internal/clients/user.go:137.53,139.3 1 1
komodo-auth-api/internal/clients/user.go:140.2,140.32 1 1
komodo-auth-api/internal/clients/user.go:143.135,150.16 5 2
komodo-auth-api/internal/clients/user.go:150.16,152.3 1 0
komodo-auth-api/internal/clients/user.go:154.2,155.16 2 2
komodo-auth-api/internal/clients/user.go:155.16,157.3 1 0
komodo-auth-api/internal/clients/user.go:159.2,164.16 5 2
komodo-auth-api/internal/clients/user.go:164.16,166.3 1 0
komodo-auth-api/internal/clients/user.go:167.2,170.16 3 2
komodo-auth-api/internal/clients/user.go:170.16,172.3 1 0
komodo-auth-api/internal/clients/user.go:174.2,174.53 1 2
komodo-auth-api/internal/clients/user.go:174.53,176.3 1 1
komodo-auth-api/internal/clients/user.go:177.2,177.12 1 1
komodo-auth-api/internal/clients/user.go:180.135,184.16 3 2
komodo-auth-api/internal/clients/user.go:184.16,186.3 1 0
komodo-auth-api/internal/clients/user.go:188.2,189.16 2 2
komodo-auth-api/internal/clients/user.go:189.16,191.3 1 0
komodo-auth-api/internal/clients/user.go:193.2,198.16 5 2
komodo-auth-api/internal/clients/user.go:198.16,200.3 1 0
komodo-auth-api/internal/clients/user.go:201.2,204.16 3 2
komodo-auth-api/internal/clients/user.go:204.16,206.3 1 0
komodo-auth-api/internal/clients/user.go:208.2,208.53 1 2
komodo-auth-api/internal/clients/user.go:208.53,210.3 1 1
komodo-auth-api/internal/clients/user.go:211.2,211.12 1 1
komodo-auth-api/cmd/public/main.go:73.34,75.28 2 0
komodo-auth-api/cmd/public/main.go:75.28,77.3 1 0
komodo-auth-api/cmd/public/main.go:78.2,78.58 1 0
komodo-auth-api/cmd/public/main.go:89.58,97.2 1 2
komodo-auth-api/cmd/public/main.go:99.70,115.16 4 0
komodo-auth-api/cmd/public/main.go:115.16,117.3 1 0
komodo-auth-api/cmd/public/main.go:119.2,120.16 2 0
komodo-auth-api/cmd/public/main.go:120.16,123.3 2 0
komodo-auth-api/cmd/public/main.go:125.2,125.35 1 0
komodo-auth-api/cmd/public/main.go:125.35,126.30 1 0
komodo-auth-api/cmd/public/main.go:126.30,128.4 1 0
komodo-auth-api/cmd/public/main.go:131.2,134.16 3 0
komodo-auth-api/cmd/public/main.go:134.16,137.3 2 0
komodo-auth-api/cmd/public/main.go:139.2,140.16 2 0
komodo-auth-api/cmd/public/main.go:140.16,143.3 2 0
komodo-auth-api/cmd/public/main.go:145.2,158.8 1 0
komodo-auth-api/cmd/public/main.go:161.46,184.16 5 4
komodo-auth-api/cmd/public/main.go:184.16,189.3 1 0
komodo-auth-api/cmd/public/main.go:191.2,197.16 5 4
komodo-auth-api/cmd/public/main.go:197.16,199.36 2 0
komodo-auth-api/cmd/public/main.go:199.36,201.4 1 0
komodo-auth-api/cmd/public/main.go:202.3,202.34 1 0
komodo-auth-api/cmd/public/main.go:202.34,204.4 1 0
komodo-auth-api/cmd/public/main.go:207.2,223.12 12 4
komodo-auth-api/cmd/public/main.go:226.13,227.54 1 0
komodo-auth-api/cmd/public/main.go:227.54,229.3 1 0
komodo-auth-api/cmd/public/main.go:231.2,233.48 2 0
komodo-auth-api/cmd/public/main.go:233.48,235.3 1 0
komodo-auth-api/cmd/public/main.go:237.2,238.16 2 0
komodo-auth-api/cmd/public/main.go:238.16,240.3 1 0
komodo-auth-api/cmd/public/main.go:241.2,243.99 2 0
komodo-auth-api/cmd/public/main.go:243.99,244.65 1 0
komodo-auth-api/cmd/public/main.go:244.65,246.4 1 0
komodo-auth-api/cmd/public/main.go:246.9,248.4 1 0
komodo-auth-api/cmd/public/main.go:250.3,250.81 1 0
komodo-auth-api/cmd/public/main.go:250.81,253.4 2 0
komodo-auth-api/cmd/public/main.go:254.3,254.42 1 0
komodo-auth-api/cmd/public/main.go:257.2,261.16 2 0
komodo-auth-api/cmd/public/main.go:261.16,263.3 1 0
komodo-auth-api/cmd/public/main.go:265.2,266.16 2 0
komodo-auth-api/cmd/public/main.go:266.16,268.3 1 0
komodo-auth-api/cmd/public/main.go:270.2,285.16 2 0
komodo-auth-api/cmd/public/main.go:285.16,287.3 1 0
komodo-auth-api/cmd/public/main.go:289.2,300.64 3 0
komodo-auth-api/internal/db/cache.go:80.55,82.16 2 0
komodo-auth-api/internal/db/cache.go:82.16,84.3 1 0
komodo-auth-api/internal/db/cache.go:85.2,85.34 1 0
komodo-auth-api/internal/db/cache.go:88.64,90.2 1 43
komodo-auth-api/internal/db/cache.go:92.60,93.18 1 1
komodo-auth-api/internal/db/cache.go:93.18,95.3 1 1
komodo-auth-api/internal/db/cache.go:96.2,96.61 1 0
komodo-auth-api/internal/db/cache.go:96.61,98.3 1 0
komodo-auth-api/internal/db/cache.go:99.2,99.12 1 0
komodo-auth-api/internal/db/otp.go:11.94,12.18 1 6
komodo-auth-api/internal/db/otp.go:12.18,14.3 1 1
komodo-auth-api/internal/db/otp.go:16.2,17.16 2 5
komodo-auth-api/internal/db/otp.go:17.16,19.3 1 1
komodo-auth-api/internal/db/otp.go:20.2,20.14 1 4
komodo-auth-api/internal/db/otp.go:20.14,22.3 1 1
komodo-auth-api/internal/db/otp.go:24.2,25.16 2 3
komodo-auth-api/internal/db/otp.go:25.16,27.3 1 0
komodo-auth-api/internal/db/otp.go:29.2,29.76 1 3
komodo-auth-api/internal/db/otp.go:29.76,31.3 1 1
komodo-auth-api/internal/db/otp.go:33.2,33.18 1 2
komodo-auth-api/internal/db/otp.go:36.80,37.18 1 6
komodo-auth-api/internal/db/otp.go:37.18,39.3 1 1
komodo-auth-api/internal/db/otp.go:41.2,42.16 2 5
komodo-auth-api/internal/db/otp.go:42.16,44.3 1 1
komodo-auth-api/internal/db/otp.go:45.2,45.18 1 4
komodo-auth-api/internal/db/otp.go:45.18,47.3 1 1
komodo-auth-api/internal/db/otp.go:48.2,48.67 1 3
komodo-auth-api/internal/db/otp.go:48.67,50.3 1 1
komodo-auth-api/internal/db/otp.go:52.2,52.62 1 2
komodo-auth-api/internal/db/otp.go:52.62,54.3 1 1
komodo-auth-api/internal/db/otp.go:55.2,55.12 1 1
komodo-auth-api/internal/db/otp.go:58.88,59.18 1 5
komodo-auth-api/internal/db/otp.go:59.18,61.3 1 1
komodo-auth-api/internal/db/otp.go:63.2,64.16 2 4
komodo-auth-api/internal/db/otp.go:64.16,66.3 1 1
komodo-auth-api/internal/db/otp.go:67.2,67.15 1 3
komodo-auth-api/internal/db/otp.go:67.15,69.3 1 1
komodo-auth-api/internal/db/otp.go:71.2,72.16 2 2
komodo-auth-api/internal/db/otp.go:72.16,74.3 1 1
komodo-auth-api/internal/db/otp.go:75.2,75.19 1 1
komodo-auth-api/internal/db/otp.go:78.89,79.18 1 5
komodo-auth-api/internal/db/otp.go:79.18,81.3 1 1
komodo-auth-api/internal/db/otp.go:83.2,85.16 3 4
komodo-auth-api/internal/db/otp.go:85.16,87.3 1 1
komodo-auth-api/internal/db/otp.go:88.2,88.16 1 3
komodo-auth-api/internal/db/otp.go:88.16,90.59 1 2
komodo-auth-api/internal/db/otp.go:90.59,92.4 1 0
komodo-auth-api/internal/db/otp.go:94.2,94.19 1 3
komodo-auth-api/internal/db/otp.go:97.76,98.18 1 2
komodo-auth-api/internal/db/otp.go:98.18,100.3 1 1
komodo-auth-api/internal/db/otp.go:101.2,101.41 1 1
komodo-auth-api/internal/db/otp.go:104.40,106.16 2 203
komodo-auth-api/internal/db/otp.go:106.16,108.3 1 0
komodo-auth-api/internal/db/otp.go:109.2,109.44 1 203
komodo-auth-api/internal/db/tokens.go:11.100,12.15 1 8
komodo-auth-api/internal/db/tokens.go:12.15,14.3 1 1
komodo-auth-api/internal/db/tokens.go:15.2,15.36 1 7
komodo-auth-api/internal/db/tokens.go:15.36,17.3 1 4
komodo-auth-api/internal/db/tokens.go:19.2,20.73 2 3
komodo-auth-api/internal/db/tokens.go:20.73,22.3 1 1
komodo-auth-api/internal/db/tokens.go:24.2,25.12 2 2
komodo-auth-api/internal/db/tokens.go:28.80,29.31 1 6
komodo-auth-api/internal/db/tokens.go:29.31,31.3 1 3
komodo-auth-api/internal/db/tokens.go:33.2,34.16 2 3
komodo-auth-api/internal/db/tokens.go:34.16,36.3 1 1
komodo-auth-api/internal/db/tokens.go:37.2,37.23 1 2
komodo-auth-api/internal/db/tokens.go:40.105,41.20 1 0
komodo-auth-api/internal/db/tokens.go:41.20,43.3 1 0
komodo-auth-api/internal/db/tokens.go:44.2,44.30 1 0
komodo-auth-api/internal/db/tokens.go:44.30,46.3 1 0
komodo-auth-api/internal/db/tokens.go:48.2,49.84 2 0
komodo-auth-api/internal/db/tokens.go:49.84,51.3 1 0
komodo-auth-api/internal/db/tokens.go:53.2,54.12 2 0
komodo-auth-api/internal/db/tokens.go:57.91,58.36 1 0
komodo-auth-api/internal/db/tokens.go:58.36,60.3 1 0
komodo-auth-api/internal/db/tokens.go:62.2,63.16 2 0
komodo-auth-api/internal/db/tokens.go:63.16,65.3 1 0
komodo-auth-api/internal/db/tokens.go:66.2,66.23 1 0
komodo-auth-api/internal/db/webauthn.go:28.129,29.18 1 4
komodo-auth-api/internal/db/webauthn.go:29.18,31.3 1 1
komodo-auth-api/internal/db/webauthn.go:33.2,34.16 2 3
komodo-auth-api/internal/db/webauthn.go:34.16,36.3 1 0
komodo-auth-api/internal/db/webauthn.go:38.2,38.114 1 3
komodo-auth-api/internal/db/webauthn.go:38.114,40.3 1 1
komodo-auth-api/internal/db/webauthn.go:41.2,41.12 1 2
komodo-auth-api/internal/db/webauthn.go:44.121,45.18 1 6
komodo-auth-api/internal/db/webauthn.go:45.18,47.3 1 1
komodo-auth-api/internal/db/webauthn.go:49.2,50.16 2 5
komodo-auth-api/internal/db/webauthn.go:50.16,52.3 1 1
komodo-auth-api/internal/db/webauthn.go:53.2,53.15 1 4
komodo-auth-api/internal/db/webauthn.go:53.15,55.3 1 2
komodo-auth-api/internal/db/webauthn.go:57.2,58.62 2 2
komodo-auth-api/internal/db/webauthn.go:58.62,60.3 1 1
komodo-auth-api/internal/db/webauthn.go:61.2,61.22 1 1
komodo-auth-api/internal/db/webauthn.go:64.99,65.18 1 3
komodo-auth-api/internal/db/webauthn.go:65.18,67.3 1 1
komodo-auth-api/internal/db/webauthn.go:68.2,68.78 1 2
komodo-auth-api/internal/db/webauthn.go:68.78,70.3 1 0
komodo-auth-api/internal/db/webauthn.go:71.2,71.12 1 2
komodo-auth-api/internal/db/webauthn.go:74.125,75.18 1 4
komodo-auth-api/internal/db/webauthn.go:75.18,77.3 1 1
komodo-auth-api/internal/db/webauthn.go:79.2,80.16 2 3
komodo-auth-api/internal/db/webauthn.go:80.16,82.3 1 0
komodo-auth-api/internal/db/webauthn.go:84.2,84.121 1 3
komodo-auth-api/internal/db/webauthn.go:84.121,86.3 1 1
komodo-auth-api/internal/db/webauthn.go:87.2,87.12 1 2
komodo-auth-api/internal/db/webauthn.go:90.117,91.18 1 6
komodo-auth-api/internal/db/webauthn.go:91.18,93.3 1 1
komodo-auth-api/internal/db/webauthn.go:95.2,96.16 2 5
komodo-auth-api/internal/db/webauthn.go:96.16,98.3 1 1
komodo-auth-api/internal/db/webauthn.go:99.2,99.15 1 4
komodo-auth-api/internal/db/webauthn.go:99.15,101.3 1 2
komodo-auth-api/internal/db/webauthn.go:103.2,104.62 2 2
komodo-auth-api/internal/db/webauthn.go:104.62,106.3 1 1
komodo-auth-api/internal/db/webauthn.go:107.2,107.22 1 1
komodo-auth-api/internal/db/webauthn.go:110.95,111.18 1 2
komodo-auth-api/internal/db/webauthn.go:111.18,113.3 1 1
komodo-auth-api/internal/db/webauthn.go:114.2,114.83 1 1
komodo-auth-api/internal/db/webauthn.go:114.83,116.3 1 0
komodo-auth-api/internal/db/webauthn.go:117.2,117.12 1 1
komodo-auth-api/internal/api/health.go:11.81,12.54 1 5
komodo-auth-api/internal/api/health.go:12.54,13.32 1 5
komodo-auth-api/internal/api/health.go:13.32,14.45 1 5
komodo-auth-api/internal/api/health.go:14.45,22.5 4 2
komodo-auth-api/internal/api/health.go:24.3,24.31 1 3
komodo-auth-api/internal/api/health.go:28.35,30.16 2 5
komodo-auth-api/internal/api/health.go:30.16,33.3 2 2
komodo-auth-api/internal/api/health.go:35.2,40.16 5 3
komodo-auth-api/internal/api/health.go:40.16,43.3 2 0
komodo-auth-api/internal/api/health.go:45.2,46.16 2 3
komodo-auth-api/internal/api/health.go:46.16,49.3 2 1
komodo-auth-api/internal/api/health.go:50.2,52.53 2 2
komodo-auth-api/internal/api/health.go:52.53,55.3 2 1
komodo-auth-api/internal/api/health.go:56.2,56.10 1 1
komodo-auth-api/internal/api/jwks.go:18.50,21.25 3 6
komodo-auth-api/internal/api/jwks.go:21.25,30.3 1 7
komodo-auth-api/internal/api/jwks.go:32.2,32.33 1 6
komodo-auth-api/internal/api/jwks.go:42.49,44.25 2 6
komodo-auth-api/internal/api/jwks.go:44.25,46.3 1 6
komodo-auth-api/internal/api/jwks.go:47.2,47.13 1 6
komodo-auth-api/internal/api/jwks.go:50.36,51.22 1 5
komodo-auth-api/internal/api/jwks.go:51.22,53.3 1 0
komodo-auth-api/internal/api/jwks.go:54.2,54.19 1 5
komodo-auth-api/internal/api/jwks.go:54.19,55.19 1 5
komodo-auth-api/internal/api/jwks.go:55.19,57.4 1 3
komodo-auth-api/internal/api/jwks.go:59.2,59.13 1 2
komodo-auth-api/internal/api/jwks.go:62.58,65.82 2 6
komodo-auth-api/internal/api/jwks.go:65.82,67.3 1 2
komodo-auth-api/internal/api/jwks.go:69.2,70.16 2 4
komodo-auth-api/internal/api/jwks.go:70.16,72.3 1 0
komodo-auth-api/internal/api/jwks.go:74.2,75.18 2 4
komodo-auth-api/internal/api/jwks.go:78.75,82.18 3 3
komodo-auth-api/internal/api/jwks.go:82.18,86.3 3 1
komodo-auth-api/internal/api/jwks.go:88.2,89.16 2 2
komodo-auth-api/internal/api/jwks.go:89.16,93.3 3 0
komodo-auth-api/internal/api/jwks.go:95.2,96.43 2 2
komodo-auth-api/internal/api/jwks.go:96.43,98.3 1 0
komodo-auth-api/internal/api/oauth_authorize.go:11.80,15.2 3 5
komodo-auth-api/internal/api/oauth_authorize.go:17.118,21.19 4 3
komodo-auth-api/internal/api/oauth_authorize.go:21.19,23.3 1 3
komodo-auth-api/internal/api/oauth_authorize.go:24.2,24.17 1 3
komodo-auth-api/internal/api/oauth_authorize.go:24.17,26.3 1 3
komodo-auth-api/internal/api/oauth_authorize.go:27.2,28.55 2 3
komodo-auth-api/internal/api/oauth_authorize.go:31.85,32.29 1 8
komodo-auth-api/internal/api/oauth_authorize.go:32.29,36.3 3 1
komodo-auth-api/internal/api/oauth_authorize.go:38.2,45.20 7 7
komodo-auth-api/internal/api/oauth_authorize.go:45.20,49.3 3 1
komodo-auth-api/internal/api/oauth_authorize.go:51.2,52.9 2 6
komodo-auth-api/internal/api/oauth_authorize.go:52.9,56.3 3 1
komodo-auth-api/internal/api/oauth_authorize.go:58.2,58.23 1 5
komodo-auth-api/internal/api/oauth_authorize.go:58.23,62.3 3 1
komodo-auth-api/internal/api/oauth_authorize.go:64.2,65.76 2 4
komodo-auth-api/internal/api/oauth_authorize.go:65.76,69.3 3 1
komodo-auth-api/internal/api/oauth_authorize.go:71.2,72.46 2 3
komodo-auth-api/internal/api/oauth_authorize.go:72.46,73.25 1 3
komodo-auth-api/internal/api/oauth_authorize.go:73.25,75.9 2 3
komodo-auth-api/internal/api/oauth_authorize.go:79.2,79.27 1 3
komodo-auth-api/internal/api/oauth_authorize.go:79.27,83.3 3 0
komodo-auth-api/internal/api/oauth_authorize.go:85.2,88.58 3 3
komodo-auth-api/internal/api/oauth_authorize.go:88.58,91.3 2 0
komodo-auth-api/internal/api/oauth_authorize.go:93.2,93.24 1 3
komodo-auth-api/internal/api/oauth_authorize.go:93.24,97.3 3 1
komodo-auth-api/internal/api/oauth_authorize.go:99.2,99.28 1 2
komodo-auth-api/internal/api/oauth_authorize.go:99.28,103.3 3 1
komodo-auth-api/internal/api/oauth_authorize.go:105.2,119.3 2 1
komodo-auth-api/internal/api/oauth_clients.go:10.80,15.9 4 2
komodo-auth-api/internal/api/oauth_clients.go:15.9,18.3 2 1
komodo-auth-api/internal/api/oauth_clients.go:20.2,26.4 3 1
komodo-auth-api/internal/api/oauth_clients.go:29.82,34.27 4 1
komodo-auth-api/internal/api/oauth_clients.go:34.27,40.3 1 1
komodo-auth-api/internal/api/oauth_clients.go:42.2,43.24 2 1
komodo-auth-api/internal/api/oauth_introspect.go:14.86,19.90 4 4
komodo-auth-api/internal/api/oauth_introspect.go:19.90,22.3 2 2
komodo-auth-api/internal/api/oauth_introspect.go:24.2,24.21 1 2
komodo-auth-api/internal/api/oauth_introspect.go:24.21,27.3 2 1
komodo-auth-api/internal/api/oauth_introspect.go:29.2,30.16 2 2
komodo-auth-api/internal/api/oauth_introspect.go:30.16,34.3 3 1
komodo-auth-api/internal/api/oauth_introspect.go:36.2,37.28 2 1
komodo-auth-api/internal/api/oauth_introspect.go:37.28,40.3 2 1
komodo-auth-api/internal/api/oauth_introspect.go:42.2,43.30 2 1
komodo-auth-api/internal/api/oauth_introspect.go:43.30,46.3 2 1
komodo-auth-api/internal/api/oauth_introspect.go:48.2,49.29 2 1
komodo-auth-api/internal/api/oauth_introspect.go:49.29,52.3 2 1
komodo-auth-api/internal/api/oauth_introspect.go:54.2,55.28 2 1
komodo-auth-api/internal/api/oauth_introspect.go:55.28,58.3 2 1
komodo-auth-api/internal/api/oauth_introspect.go:60.2,63.21 3 1
komodo-auth-api/internal/api/oauth_introspect.go:63.21,65.17 2 1
komodo-auth-api/internal/api/oauth_introspect.go:65.17,67.4 1 0
komodo-auth-api/internal/api/oauth_introspect.go:67.9,67.21 1 1
komodo-auth-api/internal/api/oauth_introspect.go:67.21,71.4 3 0
komodo-auth-api/internal/api/oauth_introspect.go:74.2,86.4 3 1
komodo-auth-api/internal/api/oauth_revoke.go:14.82,19.67 4 14
komodo-auth-api/internal/api/oauth_revoke.go:19.67,23.3 3 1
komodo-auth-api/internal/api/oauth_revoke.go:25.2,25.25 1 13
komodo-auth-api/internal/api/oauth_revoke.go:25.25,29.3 3 1
komodo-auth-api/internal/api/oauth_revoke.go:31.2,32.15 2 12
komodo-auth-api/internal/api/oauth_revoke.go:32.15,33.30 1 11
komodo-auth-api/internal/api/oauth_revoke.go:33.30,35.4 1 10
komodo-auth-api/internal/api/oauth_revoke.go:36.3,36.34 1 11
komodo-auth-api/internal/api/oauth_revoke.go:36.34,38.4 1 10
komodo-auth-api/internal/api/oauth_revoke.go:41.2,41.42 1 12
komodo-auth-api/internal/api/oauth_revoke.go:41.42,46.3 4 1
komodo-auth-api/internal/api/oauth_revoke.go:48.2,48.75 1 11
komodo-auth-api/internal/api/oauth_revoke.go:48.75,53.3 4 2
komodo-auth-api/internal/api/oauth_revoke.go:55.2,56.16 2 9
komodo-auth-api/internal/api/oauth_revoke.go:56.16,61.3 4 4
komodo-auth-api/internal/api/oauth_revoke.go:63.2,64.15 2 5
komodo-auth-api/internal/api/oauth_revoke.go:64.15,69.3 4 0
komodo-auth-api/internal/api/oauth_revoke.go:71.2,71.87 1 5
komodo-auth-api/internal/api/oauth_revoke.go:71.87,72.33 1 1
komodo-auth-api/internal/api/oauth_revoke.go:72.33,76.4 3 0
komodo-auth-api/internal/api/oauth_revoke.go:79.2,80.29 2 5
komodo-auth-api/internal/api/oauth_revoke.go:80.29,82.3 1 5
komodo-auth-api/internal/api/oauth_revoke.go:83.2,83.14 1 5
komodo-auth-api/internal/api/oauth_revoke.go:83.14,88.3 4 0
komodo-auth-api/internal/api/oauth_revoke.go:90.2,90.76 1 5
komodo-auth-api/internal/api/oauth_revoke.go:90.76,94.3 3 1
komodo-auth-api/internal/api/oauth_revoke.go:96.2,102.4 3 4
komodo-auth-api/internal/api/oauth_token.go:24.66,27.2 2 12
komodo-auth-api/internal/api/oauth_token.go:29.73,32.92 2 40
komodo-auth-api/internal/api/oauth_token.go:32.92,33.41 1 2
komodo-auth-api/internal/api/oauth_token.go:33.41,35.4 1 0
komodo-auth-api/internal/api/oauth_token.go:37.3,37.50 1 2
komodo-auth-api/internal/api/oauth_token.go:37.50,38.43 1 10
komodo-auth-api/internal/api/oauth_token.go:38.43,40.5 1 1
komodo-auth-api/internal/api/oauth_token.go:43.3,51.50 8 2
komodo-auth-api/internal/api/oauth_token.go:52.8,52.69 1 38
komodo-auth-api/internal/api/oauth_token.go:52.69,54.3 1 1
komodo-auth-api/internal/api/oauth_token.go:56.2,56.43 1 39
komodo-auth-api/internal/api/oauth_token.go:56.43,58.3 1 1
komodo-auth-api/internal/api/oauth_token.go:59.2,59.16 1 39
komodo-auth-api/internal/api/oauth_token.go:62.81,67.16 4 40
komodo-auth-api/internal/api/oauth_token.go:67.16,71.3 3 1
komodo-auth-api/internal/api/oauth_token.go:73.2,73.29 1 39
komodo-auth-api/internal/api/oauth_token.go:73.29,77.3 3 1
komodo-auth-api/internal/api/oauth_token.go:78.2,78.58 1 38
komodo-auth-api/internal/api/oauth_token.go:78.58,82.3 3 1
komodo-auth-api/internal/api/oauth_token.go:84.2,84.27 1 37
komodo-auth-api/internal/api/oauth_token.go:85.53,86.48 1 12
komodo-auth-api/internal/api/oauth_token.go:87.48,88.43 1 24
komodo-auth-api/internal/api/oauth_token.go:89.53,90.48 1 1
komodo-auth-api/internal/api/oauth_token.go:91.10,93.111 2 0
komodo-auth-api/internal/api/oauth_token.go:97.117,98.58 1 12
komodo-auth-api/internal/api/oauth_token.go:98.58,104.3 3 2
komodo-auth-api/internal/api/oauth_token.go:106.2,107.9 2 10
komodo-auth-api/internal/api/oauth_token.go:107.9,111.3 3 2
komodo-auth-api/internal/api/oauth_token.go:113.2,115.26 3 8
komodo-auth-api/internal/api/oauth_token.go:115.26,117.3 1 6
komodo-auth-api/internal/api/oauth_token.go:119.2,122.52 3 8
komodo-auth-api/internal/api/oauth_token.go:122.52,125.33 3 1
komodo-auth-api/internal/api/oauth_token.go:125.33,126.29 1 2
komodo-auth-api/internal/api/oauth_token.go:126.29,128.5 1 1
komodo-auth-api/internal/api/oauth_token.go:130.3,131.25 2 1
komodo-auth-api/internal/api/oauth_token.go:134.2,134.23 1 8
komodo-auth-api/internal/api/oauth_token.go:134.23,135.41 1 6
komodo-auth-api/internal/api/oauth_token.go:135.41,139.4 3 1
komodo-auth-api/internal/api/oauth_token.go:140.3,140.33 1 5
komodo-auth-api/internal/api/oauth_token.go:140.33,144.4 3 1
komodo-auth-api/internal/api/oauth_token.go:147.2,148.36 2 6
komodo-auth-api/internal/api/oauth_token.go:148.36,150.3 1 0
komodo-auth-api/internal/api/oauth_token.go:150.8,152.3 1 6
komodo-auth-api/internal/api/oauth_token.go:154.2,155.26 2 6
komodo-auth-api/internal/api/oauth_token.go:155.26,157.3 1 4
komodo-auth-api/internal/api/oauth_token.go:159.2,166.16 2 6
komodo-auth-api/internal/api/oauth_token.go:166.16,170.3 3 0
komodo-auth-api/internal/api/oauth_token.go:172.2,173.28 2 6
komodo-auth-api/internal/api/oauth_token.go:173.28,183.17 2 1
komodo-auth-api/internal/api/oauth_token.go:183.17,187.4 3 0
komodo-auth-api/internal/api/oauth_token.go:190.2,195.23 2 6
komodo-auth-api/internal/api/oauth_token.go:195.23,197.3 1 4
komodo-auth-api/internal/api/oauth_token.go:198.2,198.24 1 6
komodo-auth-api/internal/api/oauth_token.go:198.24,200.3 1 1
komodo-auth-api/internal/api/oauth_token.go:202.2,205.92 3 6
komodo-auth-api/internal/api/oauth_token.go:208.112,209.64 1 24
komodo-auth-api/internal/api/oauth_token.go:209.64,212.3 2 1
komodo-auth-api/internal/api/oauth_token.go:214.2,214.58 1 23
komodo-auth-api/internal/api/oauth_token.go:214.58,218.3 3 2
komodo-auth-api/internal/api/oauth_token.go:219.2,220.13 2 21
komodo-auth-api/internal/api/oauth_token.go:220.13,224.3 3 1
komodo-auth-api/internal/api/oauth_token.go:226.2,227.16 2 20
komodo-auth-api/internal/api/oauth_token.go:227.16,231.3 3 2
komodo-auth-api/internal/api/oauth_token.go:233.2,233.55 1 18
komodo-auth-api/internal/api/oauth_token.go:233.55,237.3 3 0
komodo-auth-api/internal/api/oauth_token.go:239.2,239.22 1 18
komodo-auth-api/internal/api/oauth_token.go:239.22,240.37 1 10
komodo-auth-api/internal/api/oauth_token.go:240.37,246.4 3 1
komodo-auth-api/internal/api/oauth_token.go:247.8,248.41 1 8
komodo-auth-api/internal/api/oauth_token.go:248.41,254.4 3 1
komodo-auth-api/internal/api/oauth_token.go:257.2,257.49 1 16
komodo-auth-api/internal/api/oauth_token.go:257.49,259.3 1 3
komodo-auth-api/internal/api/oauth_token.go:261.2,261.68 1 13
komodo-auth-api/internal/api/oauth_token.go:261.68,264.3 2 1
komodo-auth-api/internal/api/oauth_token.go:266.2,268.32 3 12
komodo-auth-api/internal/api/oauth_token.go:268.32,270.3 1 0
komodo-auth-api/internal/api/oauth_token.go:272.2,273.30 2 12
komodo-auth-api/internal/api/oauth_token.go:273.30,275.3 1 12
komodo-auth-api/internal/api/oauth_token.go:277.2,278.37 2 12
komodo-auth-api/internal/api/oauth_token.go:278.37,279.20 1 15
komodo-auth-api/internal/api/oauth_token.go:279.20,281.9 2 10
komodo-auth-api/internal/api/oauth_token.go:285.2,285.24 1 12
komodo-auth-api/internal/api/oauth_token.go:285.24,289.3 3 2
komodo-auth-api/internal/api/oauth_token.go:291.2,292.35 2 10
komodo-auth-api/internal/api/oauth_token.go:292.35,293.29 1 11
komodo-auth-api/internal/api/oauth_token.go:293.29,295.4 1 1
komodo-auth-api/internal/api/oauth_token.go:298.2,299.19 2 10
komodo-auth-api/internal/api/oauth_token.go:299.19,301.3 1 2
komodo-auth-api/internal/api/oauth_token.go:303.2,306.19 3 10
komodo-auth-api/internal/api/oauth_token.go:306.19,308.3 1 2
komodo-auth-api/internal/api/oauth_token.go:308.8,310.3 1 8
komodo-auth-api/internal/api/oauth_token.go:312.2,319.16 2 10
komodo-auth-api/internal/api/oauth_token.go:319.16,323.3 3 0
komodo-auth-api/internal/api/oauth_token.go:325.2,326.27 2 10
komodo-auth-api/internal/api/oauth_token.go:326.27,328.3 1 9
komodo-auth-api/internal/api/oauth_token.go:330.2,339.16 2 10
komodo-auth-api/internal/api/oauth_token.go:339.16,343.3 3 0
komodo-auth-api/internal/api/oauth_token.go:345.2,345.48 1 10
komodo-auth-api/internal/api/oauth_token.go:345.48,346.68 1 10
komodo-auth-api/internal/api/oauth_token.go:346.68,347.102 1 10
komodo-auth-api/internal/api/oauth_token.go:347.102,349.5 1 0
komodo-auth-api/internal/api/oauth_token.go:353.2,359.17 2 10
komodo-auth-api/internal/api/oauth_token.go:359.17,361.3 1 3
komodo-auth-api/internal/api/oauth_token.go:363.2,366.76 3 10
komodo-auth-api/internal/api/oauth_token.go:369.118,370.21 1 16
komodo-auth-api/internal/api/oauth_token.go:370.21,372.17 2 16
komodo-auth-api/internal/api/oauth_token.go:372.17,376.4 3 0
komodo-auth-api/internal/api/oauth_token.go:377.3,377.14 1 16
komodo-auth-api/internal/api/oauth_token.go:377.14,378.56 1 2
komodo-auth-api/internal/api/oauth_token.go:378.56,379.70 1 1
komodo-auth-api/internal/api/oauth_token.go:379.70,380.116 1 1
komodo-auth-api/internal/api/oauth_token.go:380.116,382.7 1 0
komodo-auth-api/internal/api/oauth_token.go:385.4,390.15 3 2
komodo-auth-api/internal/api/oauth_token.go:394.2,394.27 1 14
komodo-auth-api/internal/api/oauth_token.go:394.27,396.17 2 2
komodo-auth-api/internal/api/oauth_token.go:396.17,400.4 3 0
komodo-auth-api/internal/api/oauth_token.go:401.3,401.20 1 2
komodo-auth-api/internal/api/oauth_token.go:401.20,405.4 3 1
komodo-auth-api/internal/api/oauth_token.go:407.2,407.14 1 13
komodo-auth-api/internal/api/oauth_token.go:410.101,411.69 1 13
komodo-auth-api/internal/api/oauth_token.go:411.69,413.3 1 14
komodo-auth-api/internal/api/oauth_token.go:414.2,414.69 1 13
komodo-auth-api/internal/api/oauth_token.go:414.69,416.3 1 10
komodo-auth-api/internal/api/oauth_token.go:418.2,419.21 2 3
komodo-auth-api/internal/api/oauth_token.go:419.21,422.3 2 0
komodo-auth-api/internal/api/oauth_token.go:424.2,425.20 2 3
komodo-auth-api/internal/api/oauth_token.go:425.20,428.3 2 1
komodo-auth-api/internal/api/oauth_token.go:429.2,429.17 1 2
komodo-auth-api/internal/api/oauth_token.go:429.17,431.3 1 0
komodo-auth-api/internal/api/oauth_token.go:433.2,434.22 2 2
komodo-auth-api/internal/api/oauth_token.go:434.22,437.3 2 0
komodo-auth-api/internal/api/oauth_token.go:438.2,438.15 1 2
komodo-auth-api/internal/api/oauth_token.go:441.117,442.29 1 1
komodo-auth-api/internal/api/oauth_token.go:442.29,446.3 3 1
komodo-auth-api/internal/api/oauth_token.go:448.2,448.64 1 0
komodo-auth-api/internal/api/oauth_token.go:448.64,451.3 2 0
komodo-auth-api/internal/api/oauth_token.go:453.2,453.128 1 0
komodo-auth-api/internal/api/otp.go:32.81,37.64 4 12
komodo-auth-api/internal/api/otp.go:37.64,41.3 3 4
komodo-auth-api/internal/api/otp.go:43.2,45.52 3 8
komodo-auth-api/internal/api/otp.go:45.52,48.3 2 0
komodo-auth-api/internal/api/otp.go:50.2,50.28 1 8
komodo-auth-api/internal/api/otp.go:50.28,52.17 2 3
komodo-auth-api/internal/api/otp.go:52.17,54.4 1 1
komodo-auth-api/internal/api/otp.go:54.9,54.20 1 2
komodo-auth-api/internal/api/otp.go:54.20,57.4 2 1
komodo-auth-api/internal/api/otp.go:60.2,61.16 2 7
komodo-auth-api/internal/api/otp.go:61.16,62.40 1 0
komodo-auth-api/internal/api/otp.go:62.40,66.4 3 0
komodo-auth-api/internal/api/otp.go:67.3,69.9 3 0
komodo-auth-api/internal/api/otp.go:72.2,82.16 3 7
komodo-auth-api/internal/api/otp.go:82.16,84.3 1 0
komodo-auth-api/internal/api/otp.go:86.2,89.4 2 7
komodo-auth-api/internal/api/otp.go:92.80,97.64 4 10
komodo-auth-api/internal/api/otp.go:97.64,101.3 3 3
komodo-auth-api/internal/api/otp.go:103.2,107.58 4 7
komodo-auth-api/internal/api/otp.go:107.58,110.3 2 0
komodo-auth-api/internal/api/otp.go:111.2,111.21 1 7
komodo-auth-api/internal/api/otp.go:111.21,114.3 2 1
komodo-auth-api/internal/api/otp.go:116.2,117.20 2 6
komodo-auth-api/internal/api/otp.go:117.20,119.3 1 0
komodo-auth-api/internal/api/otp.go:119.8,119.41 1 6
komodo-auth-api/internal/api/otp.go:119.41,123.3 3 0
komodo-auth-api/internal/api/otp.go:125.2,137.12 5 6
komodo-auth-api/internal/api/otp.go:137.12,139.3 1 6
komodo-auth-api/internal/api/otp.go:141.2,141.12 1 6
komodo-auth-api/internal/api/otp.go:141.12,142.26 1 6
komodo-auth-api/internal/api/otp.go:142.26,145.4 2 1
komodo-auth-api/internal/api/otp.go:147.3,148.22 2 5
komodo-auth-api/internal/api/otp.go:148.22,151.4 2 0
komodo-auth-api/internal/api/otp.go:153.3,154.46 2 5
komodo-auth-api/internal/api/otp.go:157.2,158.19 2 6
komodo-auth-api/internal/api/otp.go:158.19,159.10 1 0
komodo-auth-api/internal/api/otp.go:160.45,162.106 2 0
komodo-auth-api/internal/api/otp.go:163.44,165.93 2 0
komodo-auth-api/internal/api/otp.go:166.11,168.103 2 0
komodo-auth-api/internal/api/otp.go:170.3,170.9 1 0
komodo-auth-api/internal/api/otp.go:173.2,176.9 3 6
komodo-auth-api/internal/api/otp.go:177.21,180.9 3 4
komodo-auth-api/internal/api/otp.go:181.23,184.9 3 1
komodo-auth-api/internal/api/otp.go:187.2,196.16 3 1
komodo-auth-api/internal/api/otp.go:196.16,200.3 3 0
komodo-auth-api/internal/api/otp.go:202.2,212.4 4 1
komodo-auth-api/internal/api/otp.go:215.56,219.77 3 31
komodo-auth-api/internal/api/otp.go:219.77,221.3 1 6
komodo-auth-api/internal/api/otp.go:223.2,230.16 2 25
komodo-auth-api/internal/api/otp.go:230.16,232.3 1 0
komodo-auth-api/internal/api/otp.go:234.2,236.19 3 25
komodo-auth-api/internal/api/passkeys_auth.go:33.107,35.26 2 17
komodo-auth-api/internal/api/passkeys_auth.go:35.26,37.17 2 17
komodo-auth-api/internal/api/passkeys_auth.go:37.17,39.4 1 1
komodo-auth-api/internal/api/passkeys_auth.go:41.3,42.17 2 16
komodo-auth-api/internal/api/passkeys_auth.go:42.17,44.4 1 1
komodo-auth-api/internal/api/passkeys_auth.go:46.3,47.21 2 15
komodo-auth-api/internal/api/passkeys_auth.go:47.21,49.18 2 2
komodo-auth-api/internal/api/passkeys_auth.go:49.18,51.5 1 1
komodo-auth-api/internal/api/passkeys_auth.go:54.3,55.34 2 14
komodo-auth-api/internal/api/passkeys_auth.go:55.34,57.4 1 15
komodo-auth-api/internal/api/passkeys_auth.go:59.3,71.5 1 14
komodo-auth-api/internal/api/passkeys_auth.go:73.2,73.19 1 14
komodo-auth-api/internal/api/passkeys_auth.go:76.88,80.23 3 16
komodo-auth-api/internal/api/passkeys_auth.go:80.23,84.3 3 1
komodo-auth-api/internal/api/passkeys_auth.go:86.2,87.64 2 15
komodo-auth-api/internal/api/passkeys_auth.go:87.64,91.3 3 2
komodo-auth-api/internal/api/passkeys_auth.go:93.2,94.52 2 13
komodo-auth-api/internal/api/passkeys_auth.go:94.52,97.3 2 0
komodo-auth-api/internal/api/passkeys_auth.go:99.2,99.25 1 13
komodo-auth-api/internal/api/passkeys_auth.go:99.25,102.3 2 1
komodo-auth-api/internal/api/passkeys_auth.go:103.2,103.55 1 12
komodo-auth-api/internal/api/passkeys_auth.go:103.55,107.3 3 1
komodo-auth-api/internal/api/passkeys_auth.go:109.2,110.16 2 11
komodo-auth-api/internal/api/passkeys_auth.go:110.16,114.3 3 0
komodo-auth-api/internal/api/passkeys_auth.go:116.2,117.16 2 11
komodo-auth-api/internal/api/passkeys_auth.go:117.16,121.3 3 1
komodo-auth-api/internal/api/passkeys_auth.go:122.2,122.40 1 10
komodo-auth-api/internal/api/passkeys_auth.go:122.40,125.3 2 1
komodo-auth-api/internal/api/passkeys_auth.go:127.2,130.16 3 9
komodo-auth-api/internal/api/passkeys_auth.go:130.16,134.3 3 1
komodo-auth-api/internal/api/passkeys_auth.go:135.2,135.24 1 8
komodo-auth-api/internal/api/passkeys_auth.go:135.24,138.3 2 1
komodo-auth-api/internal/api/passkeys_auth.go:140.2,141.16 2 7
komodo-auth-api/internal/api/passkeys_auth.go:141.16,145.3 3 0
komodo-auth-api/internal/api/passkeys_auth.go:147.2,155.16 3 7
komodo-auth-api/internal/api/passkeys_auth.go:155.16,159.3 3 0
komodo-auth-api/internal/api/passkeys_auth.go:161.2,167.112 2 7
komodo-auth-api/internal/api/passkeys_auth.go:167.112,171.3 3 0
komodo-auth-api/internal/api/passkeys_auth.go:173.2,174.27 2 7
komodo-auth-api/internal/api/passkeys_auth.go:177.91,181.23 3 10
komodo-auth-api/internal/api/passkeys_auth.go:181.23,185.3 3 1
komodo-auth-api/internal/api/passkeys_auth.go:187.2,188.16 2 9
komodo-auth-api/internal/api/passkeys_auth.go:188.16,192.3 3 0
komodo-auth-api/internal/api/passkeys_auth.go:194.2,195.16 2 9
komodo-auth-api/internal/api/passkeys_auth.go:195.16,199.3 3 1
komodo-auth-api/internal/api/passkeys_auth.go:201.2,204.16 3 8
komodo-auth-api/internal/api/passkeys_auth.go:204.16,205.52 1 2
komodo-auth-api/internal/api/passkeys_auth.go:205.52,208.4 2 1
komodo-auth-api/internal/api/passkeys_auth.go:209.3,211.9 3 1
komodo-auth-api/internal/api/passkeys_auth.go:214.2,215.16 2 6
komodo-auth-api/internal/api/passkeys_auth.go:215.16,219.3 3 0
komodo-auth-api/internal/api/passkeys_auth.go:221.2,222.16 2 6
komodo-auth-api/internal/api/passkeys_auth.go:222.16,226.3 3 0
komodo-auth-api/internal/api/passkeys_auth.go:228.2,229.16 2 6
komodo-auth-api/internal/api/passkeys_auth.go:229.16,233.3 3 0
komodo-auth-api/internal/api/passkeys_auth.go:235.2,245.16 4 6
komodo-auth-api/internal/api/passkeys_auth.go:245.16,249.3 3 1
komodo-auth-api/internal/api/passkeys_auth.go:251.2,255.26 4 5
komodo-auth-api/internal/api/passkeys_auth.go:255.26,256.47 1 5
komodo-auth-api/internal/api/passkeys_auth.go:256.47,258.9 2 5
komodo-auth-api/internal/api/passkeys_auth.go:262.2,262.43 1 5
komodo-auth-api/internal/api/passkeys_auth.go:262.43,268.3 1 2
komodo-auth-api/internal/api/passkeys_auth.go:270.2,272.41 3 5
komodo-auth-api/internal/api/passkeys_auth.go:272.41,274.3 1 5
komodo-auth-api/internal/api/passkeys_auth.go:276.2,286.18 2 5
komodo-auth-api/internal/api/passkeys_auth.go:286.18,288.3 1 5
komodo-auth-api/internal/api/passkeys_auth.go:290.2,290.111 1 5
komodo-auth-api/internal/api/passkeys_auth.go:290.111,294.3 3 1
komodo-auth-api/internal/api/passkeys_auth.go:296.2,296.91 1 4
komodo-auth-api/internal/api/passkeys_auth.go:296.91,298.3 1 0
komodo-auth-api/internal/api/passkeys_auth.go:300.2,300.28 1 4
komodo-auth-api/internal/api/passkeys_auth.go:300.28,302.17 2 1
komodo-auth-api/internal/api/passkeys_auth.go:302.17,304.4 1 0
komodo-auth-api/internal/api/passkeys_auth.go:304.9,304.20 1 1
komodo-auth-api/internal/api/passkeys_auth.go:304.20,307.4 2 1
komodo-auth-api/internal/api/passkeys_auth.go:310.2,319.16 3 3
komodo-auth-api/internal/api/passkeys_auth.go:319.16,323.3 3 0
komodo-auth-api/internal/api/passkeys_auth.go:325.2,334.16 2 3
komodo-auth-api/internal/api/passkeys_auth.go:334.16,338.3 3 0
komodo-auth-api/internal/api/passkeys_auth.go:340.2,351.4 4 3
komodo-auth-api/internal/api/passkeys_auth.go:358.87,360.16 2 9
komodo-auth-api/internal/api/passkeys_auth.go:360.16,362.3 1 2
komodo-auth-api/internal/api/passkeys_auth.go:364.2,372.8 1 7
komodo-auth-api/internal/api/passkeys_auth.go:375.80,377.2 1 12
komodo-auth-api/internal/api/passkeys_register.go:29.62,32.2 2 14
komodo-auth-api/internal/api/passkeys_register.go:34.120,36.16 2 4
komodo-auth-api/internal/api/passkeys_register.go:36.16,38.3 1 1
komodo-auth-api/internal/api/passkeys_register.go:40.2,41.36 2 3
komodo-auth-api/internal/api/passkeys_register.go:41.36,43.3 1 4
komodo-auth-api/internal/api/passkeys_register.go:45.2,49.8 1 3
komodo-auth-api/internal/api/passkeys_register.go:52.91,56.23 3 8
komodo-auth-api/internal/api/passkeys_register.go:56.23,60.3 3 1
komodo-auth-api/internal/api/passkeys_register.go:62.2,63.9 2 7
komodo-auth-api/internal/api/passkeys_register.go:63.9,67.3 3 1
komodo-auth-api/internal/api/passkeys_register.go:69.2,70.16 2 6
komodo-auth-api/internal/api/passkeys_register.go:70.16,74.3 3 0
komodo-auth-api/internal/api/passkeys_register.go:76.2,77.16 2 6
komodo-auth-api/internal/api/passkeys_register.go:77.16,81.3 3 1
komodo-auth-api/internal/api/passkeys_register.go:83.2,83.41 1 5
komodo-auth-api/internal/api/passkeys_register.go:83.41,86.3 2 1
komodo-auth-api/internal/api/passkeys_register.go:88.2,89.32 2 4
komodo-auth-api/internal/api/passkeys_register.go:89.32,91.17 2 2
komodo-auth-api/internal/api/passkeys_register.go:91.17,93.12 2 0
komodo-auth-api/internal/api/passkeys_register.go:95.3,95.42 1 2
komodo-auth-api/internal/api/passkeys_register.go:98.2,112.16 2 4
komodo-auth-api/internal/api/passkeys_register.go:112.16,116.3 3 0
komodo-auth-api/internal/api/passkeys_register.go:118.2,118.100 1 4
komodo-auth-api/internal/api/passkeys_register.go:118.100,122.3 3 0
komodo-auth-api/internal/api/passkeys_register.go:124.2,125.26 2 4
komodo-auth-api/internal/api/passkeys_register.go:128.94,132.23 3 5
komodo-auth-api/internal/api/passkeys_register.go:132.23,136.3 3 1
komodo-auth-api/internal/api/passkeys_register.go:138.2,139.9 2 4
komodo-auth-api/internal/api/passkeys_register.go:139.9,143.3 3 1
komodo-auth-api/internal/api/passkeys_register.go:145.2,146.16 2 3
komodo-auth-api/internal/api/passkeys_register.go:146.16,147.52 1 2
komodo-auth-api/internal/api/passkeys_register.go:147.52,150.4 2 1
komodo-auth-api/internal/api/passkeys_register.go:151.3,153.9 3 1
komodo-auth-api/internal/api/passkeys_register.go:156.2,163.16 3 1
komodo-auth-api/internal/api/passkeys_register.go:163.16,167.3 3 1
komodo-auth-api/internal/api/passkeys_register.go:169.2,170.41 2 0
komodo-auth-api/internal/api/passkeys_register.go:170.41,172.3 1 0
komodo-auth-api/internal/api/passkeys_register.go:174.2,185.16 3 0
komodo-auth-api/internal/api/passkeys_register.go:185.16,189.3 3 0
komodo-auth-api/internal/api/passkeys_register.go:191.2,191.106 1 0
komodo-auth-api/internal/api/passkeys_register.go:191.106,195.3 3 0
komodo-auth-api/internal/api/passkeys_register.go:197.2,197.92 1 0
komodo-auth-api/internal/api/passkeys_register.go:197.92,199.3 1 0
komodo-auth-api/internal/api/passkeys_register.go:201.2,207.4 3 0
komodo-auth-api/internal/api/service.go:65.47,67.16 2 3
komodo-auth-api/internal/api/service.go:67.16,69.3 1 0
komodo-auth-api/internal/api/service.go:71.2,72.28 2 3
komodo-auth-api/internal/api/service.go:72.28,74.17 2 1
komodo-auth-api/internal/api/service.go:74.17,76.4 1 1
komodo-auth-api/internal/api/service.go:77.3,77.12 1 0
komodo-auth-api/internal/api/service.go:80.2,90.32 2 2
komodo-auth-api/internal/api/service.go:90.32,94.3 3 1
komodo-auth-api/internal/api/service.go:95.2,95.17 1 2
komodo-auth-api/internal/api/service.go:98.48,99.55 1 58
komodo-auth-api/internal/api/service.go:99.55,101.3 1 1
komodo-auth-api/internal/api/validate.go:15.46,16.9 1 10
komodo-auth-api/internal/api/validate.go:17.45,18.29 1 3
komodo-auth-api/internal/api/validate.go:19.49,20.34 1 1
komodo-auth-api/internal/api/validate.go:21.98,22.47 1 2
komodo-auth-api/internal/api/validate.go:23.95,24.38 1 3
komodo-auth-api/internal/api/validate.go:25.10,26.28 1 1
komodo-auth-api/internal/api/validate.go:30.84,35.84 4 5
komodo-auth-api/internal/api/validate.go:35.84,41.3 5 2
komodo-auth-api/internal/api/validate.go:43.2,44.16 2 3
komodo-auth-api/internal/api/validate.go:44.16,50.3 5 2
komodo-auth-api/internal/api/validate.go:52.2,52.21 1 1
komodo-auth-api/internal/api/validate.go:52.21,54.17 2 1
komodo-auth-api/internal/api/validate.go:54.17,56.4 1 0
komodo-auth-api/internal/api/validate.go:56.9,56.21 1 1
komodo-auth-api/internal/api/validate.go:56.21,62.4 5 0
komodo-auth-api/internal/api/validate.go:65.2,72.4 3 1
komodo-auth-api/internal/models/models.gen.go:24.50,25.11 1 0
komodo-auth-api/internal/models/models.gen.go:26.45,27.14 1 0
komodo-auth-api/internal/models/models.gen.go:28.46,29.14 1 0
komodo-auth-api/internal/models/models.gen.go:30.10,31.15 1 0
komodo-auth-api/internal/models/models.gen.go:43.45,44.11 1 0
komodo-auth-api/internal/models/models.gen.go:45.46,46.14 1 0
komodo-auth-api/internal/models/models.gen.go:47.46,48.14 1 0
komodo-auth-api/internal/models/models.gen.go:49.41,50.14 1 0
komodo-auth-api/internal/models/models.gen.go:51.10,52.15 1 0
komodo-auth-api/internal/models/models.gen.go:62.51,63.11 1 0
komodo-auth-api/internal/models/models.gen.go:64.12,65.14 1 0
komodo-auth-api/internal/models/models.gen.go:66.10,67.15 1 0
komodo-auth-api/internal/models/models.gen.go:77.58,78.11 1 0
komodo-auth-api/internal/models/models.gen.go:79.12,80.14 1 0
komodo-auth-api/internal/models/models.gen.go:81.10,82.15 1 0
komodo-auth-api/internal/models/user/types.gen.go:25.54,26.11 1 0
komodo-auth-api/internal/models/user/types.gen.go:27.43,28.14 1 0
komodo-auth-api/internal/models/user/types.gen.go:29.44,30.14 1 0
komodo-auth-api/internal/models/user/types.gen.go:31.46,32.14 1 0
komodo-auth-api/internal/models/user/types.gen.go:33.10,34.15 1 0
komodo-auth-api/internal/models/user/types.gen.go:46.53,47.11 1 0
komodo-auth-api/internal/models/user/types.gen.go:48.42,49.14 1 0
komodo-auth-api/internal/models/user/types.gen.go:50.43,51.14 1 0
komodo-auth-api/internal/models/user/types.gen.go:52.45,53.14 1 0
komodo-auth-api/internal/models/user/types.gen.go:54.10,55.15 1 0
komodo-auth-api/internal/testutil/mocks/banned_checker.go:32.71,36.2 3 0
komodo-auth-api/internal/testutil/mocks/banned_checker.go:39.69,41.2 1 0
komodo-auth-api/internal/testutil/mocks/banned_checker.go:44.87,50.2 5 0
komodo-auth-api/internal/testutil/mocks/banned_checker.go:53.80,56.2 2 0
komodo-auth-api/internal/testutil/mocks/cache_client_callers.go:31.81,35.2 3 0
komodo-auth-api/internal/testutil/mocks/cache_client_callers.go:37.79,39.2 1 0
komodo-auth-api/internal/testutil/mocks/cache_client_callers.go:41.87,44.2 2 0
komodo-auth-api/internal/testutil/mocks/cache_client_callers.go:46.94,49.2 2 0
komodo-auth-api/internal/testutil/mocks/cache_client_callers.go:51.106,56.2 4 0
komodo-auth-api/internal/testutil/mocks/cache_client_callers.go:58.107,61.2 2 0
komodo-auth-api/internal/testutil/mocks/cache_client_callers.go:63.110,68.2 4 0
komodo-auth-api/internal/testutil/mocks/cache_client_callers.go:70.111,73.2 2 0
komodo-auth-api/internal/testutil/mocks/cache_client_callers.go:75.105,81.2 5 0
komodo-auth-api/internal/testutil/mocks/cache_client_callers.go:83.96,86.2 2 0
komodo-auth-api/internal/testutil/mocks/cache_client_callers.go:88.99,94.2 5 0
komodo-auth-api/internal/testutil/mocks/cache_client_callers.go:96.91,99.2 2 0
komodo-auth-api/internal/testutil/mocks/cache_client_callers.go:101.131,107.2 5 0
komodo-auth-api/internal/testutil/mocks/cache_client_callers.go:109.104,112.2 2 0
komodo-auth-api/internal/testutil/mocks/cache_client_callers.go:114.132,120.2 5 0
komodo-auth-api/internal/testutil/mocks/cache_client_callers.go:122.108,125.2 2 0
komodo-auth-api/internal/testutil/mocks/cache_client_callers.go:127.100,133.2 5 0
komodo-auth-api/internal/testutil/mocks/cache_client_callers.go:135.92,138.2 2 0
komodo-auth-api/internal/testutil/mocks/cache_client_callers.go:140.102,146.2 5 0
komodo-auth-api/internal/testutil/mocks/cache_client_callers.go:148.95,151.2 2 0
komodo-auth-api/internal/testutil/mocks/cache_client_callers.go:153.91,159.2 5 0
komodo-auth-api/internal/testutil/mocks/cache_client_callers.go:161.84,164.2 2 0
komodo-auth-api/internal/testutil/mocks/cache_client_callers.go:166.71,171.2 4 0
komodo-auth-api/internal/testutil/mocks/cache_client_callers.go:173.79,176.2 2 0
komodo-auth-api/internal/testutil/mocks/cache_client_callers.go:178.111,183.2 4 0
komodo-auth-api/internal/testutil/mocks/cache_client_callers.go:185.98,188.2 2 0
komodo-auth-api/internal/testutil/mocks/cache_client_callers.go:190.116,195.2 4 0
komodo-auth-api/internal/testutil/mocks/cache_client_callers.go:197.103,200.2 2 0
komodo-auth-api/internal/testutil/mocks/cache_client_callers.go:202.139,207.2 4 0
komodo-auth-api/internal/testutil/mocks/cache_client_callers.go:209.115,212.2 2 0
komodo-auth-api/internal/testutil/mocks/cache_client_callers.go:214.140,219.2 4 0
komodo-auth-api/internal/testutil/mocks/cache_client_callers.go:221.119,224.2 2 0
komodo-auth-api/internal/testutil/mocks/cache_client_callers.go:226.91,231.2 4 0
komodo-auth-api/internal/testutil/mocks/cache_client_callers.go:233.92,236.2 2 0
komodo-auth-api/internal/testutil/mocks/http_client_callers.go:35.79,39.2 3 0
komodo-auth-api/internal/testutil/mocks/http_client_callers.go:42.77,44.2 1 0
komodo-auth-api/internal/testutil/mocks/http_client_callers.go:47.154,52.2 4 0
komodo-auth-api/internal/testutil/mocks/http_client_callers.go:55.119,58.2 2 0
komodo-auth-api/internal/testutil/mocks/http_client_callers.go:61.114,67.2 5 0
komodo-auth-api/internal/testutil/mocks/http_client_callers.go:70.101,73.2 2 0
komodo-auth-api/internal/testutil/mocks/http_client_callers.go:76.135,82.2 5 0
komodo-auth-api/internal/testutil/mocks/http_client_callers.go:85.107,88.2 2 0
komodo-auth-api/internal/testutil/mocks/http_client_callers.go:91.152,97.2 5 0
komodo-auth-api/internal/testutil/mocks/http_client_callers.go:100.112,103.2 2 0
komodo-auth-api/internal/testutil/mocks/http_client_callers.go:106.107,111.2 4 0
komodo-auth-api/internal/testutil/mocks/http_client_callers.go:114.84,117.2 2 0
komodo-auth-api/internal/testutil/mocks/http_client_callers.go:120.154,125.2 4 0
komodo-auth-api/internal/testutil/mocks/http_client_callers.go:128.119,131.2 2 0
komodo-auth-api/internal/testutil/mocks/token_authority.go:32.73,36.2 3 0
komodo-auth-api/internal/testutil/mocks/token_authority.go:39.71,41.2 1 0
komodo-auth-api/internal/testutil/mocks/token_authority.go:44.83,50.2 5 0
komodo-auth-api/internal/testutil/mocks/token_authority.go:53.79,56.2 2 0
komodo-auth-api/internal/testutil/mocks/token_authority.go:59.118,65.2 5 0
komodo-auth-api/internal/testutil/mocks/token_authority.go:68.110,71.2 2 0
komodo-auth-api/internal/testutil/mocks/token_authority.go:73.130,79.2 5 0
komodo-auth-api/internal/testutil/mocks/token_authority.go:81.122,84.2 2 0
komodo-auth-api/internal/testutil/mocks/token_authority.go:86.140,92.2 5 0
komodo-auth-api/internal/testutil/mocks/token_authority.go:94.132,97.2 2 0
komodo-auth-api/internal/testutil/mocks/token_authority.go:100.94,106.2 5 0
komodo-auth-api/internal/testutil/mocks/token_authority.go:109.90,112.2 2 0
komodo-auth-api/internal/testutil/mocks/token_authority.go:115.71,120.2 4 0
komodo-auth-api/internal/testutil/mocks/token_authority.go:123.75,126.2 2 0
komodo-auth-api/internal/models/comms/types.gen.go:22.40,23.11 1 0
komodo-auth-api/internal/models/comms/types.gen.go:24.14,25.14 1 0
komodo-auth-api/internal/models/comms/types.gen.go:26.14,27.14 1 0
komodo-auth-api/internal/models/comms/types.gen.go:28.12,29.14 1 0
komodo-auth-api/internal/models/comms/types.gen.go:30.10,31.15 1 0
