TN:
SF:main.ts
FN:112,(anonymous_0)
FN:144,(anonymous_1)
FN:171,(anonymous_2)
FN:193,(anonymous_3)
FN:236,(anonymous_4)
FN:243,(anonymous_5)
FN:255,(anonymous_6)
FN:289,(anonymous_7)
FNF:8
FNH:8
FNDA:10,(anonymous_0)
FNDA:5,(anonymous_1)
FNDA:4,(anonymous_2)
FNDA:4,(anonymous_3)
FNDA:4,(anonymous_4)
FNDA:4,(anonymous_5)
FNDA:3,(anonymous_6)
FNDA:1,(anonymous_7)
DA:27,1
DA:28,1
DA:29,1
DA:30,1
DA:31,1
DA:32,1
DA:33,1
DA:40,1
DA:61,1
DA:83,1
DA:112,10
DA:144,5
DA:171,4
DA:193,1
DA:194,4
DA:203,4
DA:212,4
DA:221,4
DA:236,1
DA:237,4
DA:238,4
DA:239,7
DA:243,1
DA:244,4
DA:245,8
DA:255,1
DA:256,3
DA:262,3
DA:263,3
DA:264,3
DA:265,3
DA:266,3
DA:267,3
DA:269,3
DA:270,3
DA:271,3
DA:273,3
DA:274,3
DA:275,15
DA:279,3
DA:280,3
DA:281,3
DA:282,3
DA:283,3
DA:284,3
DA:285,3
DA:286,3
DA:289,1
DA:290,1
DA:291,1
DA:292,1
DA:293,1
DA:294,0
DA:295,1
DA:297,0
DA:299,1
DA:300,0
DA:301,0
DA:302,0
DA:303,0
DA:306,1
DA:307,1
DA:312,1
DA:313,0
LF:64
LH:57
BRDA:138,0,0,10
BRDA:138,0,1,0
BRDA:139,1,0,10
BRDA:139,1,1,0
BRDA:140,2,0,10
BRDA:140,2,1,0
BRDA:167,3,0,5
BRDA:167,3,1,0
BRDA:273,4,0,3
BRDA:273,4,1,0
BRDA:293,5,0,1
BRDA:293,5,1,0
BRDA:294,6,0,0
BRDA:294,6,1,0
BRDA:294,7,0,0
BRDA:294,7,1,0
BRDA:295,8,0,0
BRDA:295,8,1,1
BRDA:297,9,0,0
BRDA:297,9,1,0
BRDA:297,9,2,0
BRDA:300,10,0,0
BRDA:300,10,1,0
BRDA:301,11,0,0
BRDA:301,11,1,0
BRDA:312,12,0,0
BRDA:312,12,1,1
BRF:27
BRH:8
end_of_record
